# JRE version: Java(TM) SE Runtime Environment (8.0_101-b13) (build 1.8.0_101-b13)
# Java VM: Java HotSpot(TM) 64-Bit Server VM (25.101-b13 mixed mode windows-amd64 compressed oops)
Heap:
 PSYoungGen      total 946688K, used 700261K [0x000000076ab00000, 0x00000007c0000000, 0x00000007c0000000)
  eden space 612352K, 59% used [0x000000076ab00000,0x000000078105ae70,0x0000000790100000)
  from space 334336K, 99% used [0x00000007ab980000,0x00000007bfffe5c0,0x00000007c0000000)
  to   space 392704K, 0% used [0x0000000790100000,0x0000000790100000,0x00000007a8080000)
 ParOldGen       total 897024K, used 720823K [0x00000006c0000000, 0x00000006f6c00000, 0x000000076ab00000)
  object space 897024K, 80% used [0x00000006c0000000,0x00000006ebfedff0,0x00000006f6c00000)
 Metaspace       used 7027K, capacity 7800K, committed 7936K, reserved 1056768K
  class space    used 638K, capacity 688K, committed 768K, reserved 1048576K
GC Heap History (10 events):
Event: 14.514 GC heap before
{Heap before GC invocations=20 (full 4):
 PSYoungGen      total 848384K, used 826390K [0x000000076ab00000, 0x00000007b4600000, 0x00000007c0000000)
  eden space 650240K, 100% used [0x000000076ab00000,0x0000000792600000,0x0000000792600000)
  from space 198144K, 88% used [0x0000000792600000,0x000000079d205b28,0x000000079e780000)
  to   space 228352K, 0% used [0x00000007a6700000,0x00000007a6700000,0x00000007b4600000)
 ParOldGen       total 897024K, used 565576K [0x00000006c0000000, 0x00000006f6c00000, 0x000000076ab00000)
  object space 897024K, 63% used [0x00000006c0000000,0x00000006e28520f0,0x00000006f6c00000)
 Metaspace       used 6531K, capacity 7320K, committed 7680K, reserved 1056768K
  class space    used 616K, capacity 656K, committed 768K, reserved 1048576K
Event: 14.642 GC heap after
Heap after GC invocations=20 (full 4):
 PSYoungGen      total 942080K, used 123188K [0x000000076ab00000, 0x00000007b3400000, 0x00000007c0000000)
  eden space 732160K, 0% used [0x000000076ab00000,0x000000076ab00000,0x0000000797600000)
  from space 209920K, 58% used [0x00000007a6700000,0x00000007adf4d090,0x00000007b3400000)
  to   space 228352K, 0% used [0x0000000797600000,0x0000000797600000,0x00000007a5500000)
 ParOldGen       total 897024K, used 565576K [0x00000006c0000000, 0x00000006f6c00000, 0x000000076ab00000)
  object space 897024K, 63% used [0x00000006c0000000,0x00000006e28520f0,0x00000006f6c00000)
 Metaspace       used 6531K, capacity 7320K, committed 7680K, reserved 1056768K
  class space    used 616K, capacity 656K, committed 768K, reserved 1048576K
}
Event: 16.080 GC heap before
{Heap before GC invocations=21 (full 4):
 PSYoungGen      total 942080K, used 855348K [0x000000076ab00000, 0x00000007b3400000, 0x00000007c0000000)
  eden space 732160K, 100% used [0x000000076ab00000,0x0000000797600000,0x0000000797600000)
  from space 209920K, 58% used [0x00000007a6700000,0x00000007adf4d090,0x00000007b3400000)
  to   space 228352K, 0% used [0x0000000797600000,0x0000000797600000,0x00000007a5500000)
 ParOldGen       total 897024K, used 565576K [0x00000006c0000000, 0x00000006f6c00000, 0x000000076ab00000)
  object space 897024K, 63% used [0x00000006c0000000,0x00000006e28520f0,0x00000006f6c00000)
 Metaspace       used 6531K, capacity 7320K, committed 7680K, reserved 1056768K
  class space    used 616K, capacity 656K, committed 768K, reserved 1048576K
Event: 16.172 GC heap after
Heap after GC invocations=21 (full 4):
 PSYoungGen      total 960512K, used 180556K [0x000000076ab00000, 0x00000007b9480000, 0x00000007c0000000)
  eden space 732160K, 0% used [0x000000076ab00000,0x000000076ab00000,0x0000000797600000)
  from space 228352K, 79% used [0x0000000797600000,0x00000007a2653098,0x00000007a5500000)
  to   space 248832K, 0% used [0x00000007aa180000,0x00000007aa180000,0x00000007b9480000)
 ParOldGen       total 897024K, used 565576K [0x00000006c0000000, 0x00000006f6c00000, 0x000000076ab00000)
  object space 897024K, 63% used [0x00000006c0000000,0x00000006e28520f0,0x00000006f6c00000)
 Metaspace       used 6531K, capacity 7320K, committed 7680K, reserved 1056768K
  class space    used 616K, capacity 656K, committed 768K, reserved 1048576K
}
Event: 16.928 GC heap before
{Heap before GC invocations=22 (full 4):
 PSYoungGen      total 960512K, used 912716K [0x000000076ab00000, 0x00000007b9480000, 0x00000007c0000000)
  eden space 732160K, 100% used [0x000000076ab00000,0x0000000797600000,0x0000000797600000)
  from space 228352K, 79% used [0x0000000797600000,0x00000007a2653098,0x00000007a5500000)
  to   space 248832K, 0% used [0x00000007aa180000,0x00000007aa180000,0x00000007b9480000)
 ParOldGen       total 897024K, used 565576K [0x00000006c0000000, 0x00000006f6c00000, 0x000000076ab00000)
  object space 897024K, 63% used [0x00000006c0000000,0x00000006e28520f0,0x00000006f6c00000)
 Metaspace       used 6636K, capacity 7384K, committed 7680K, reserved 1056768K
  class space    used 622K, capacity 656K, committed 768K, reserved 1048576K
Event: 17.116 GC heap after
Heap after GC invocations=22 (full 4):
 PSYoungGen      total 982016K, used 248828K [0x000000076ab00000, 0x00000007c0000000, 0x00000007c0000000)
  eden space 733184K, 0% used [0x000000076ab00000,0x000000076ab00000,0x0000000797700000)
  from space 248832K, 99% used [0x00000007aa180000,0x00000007b947f090,0x00000007b9480000)
  to   space 305664K, 0% used [0x0000000797700000,0x0000000797700000,0x00000007aa180000)
 ParOldGen       total 897024K, used 609533K [0x00000006c0000000, 0x00000006f6c00000, 0x000000076ab00000)
  object space 897024K, 67% used [0x00000006c0000000,0x00000006e533f790,0x00000006f6c00000)
 Metaspace       used 6636K, capacity 7384K, committed 7680K, reserved 1056768K
  class space    used 622K, capacity 656K, committed 768K, reserved 1048576K
}
Event: 18.009 GC heap before
{Heap before GC invocations=23 (full 4):
 PSYoungGen      total 982016K, used 982012K [0x000000076ab00000, 0x00000007c0000000, 0x00000007c0000000)
  eden space 733184K, 100% used [0x000000076ab00000,0x0000000797700000,0x0000000797700000)
  from space 248832K, 99% used [0x00000007aa180000,0x00000007b947f090,0x00000007b9480000)
  to   space 305664K, 0% used [0x0000000797700000,0x0000000797700000,0x00000007aa180000)
 ParOldGen       total 897024K, used 609533K [0x00000006c0000000, 0x00000006f6c00000, 0x000000076ab00000)
  object space 897024K, 67% used [0x00000006c0000000,0x00000006e533f790,0x00000006f6c00000)
 Metaspace       used 6640K, capacity 7384K, committed 7680K, reserved 1056768K
  class space    used 622K, capacity 656K, committed 768K, reserved 1048576K
Event: 18.214 GC heap after
Heap after GC invocations=23 (full 4):
 PSYoungGen      total 1038848K, used 245133K [0x000000076ab00000, 0x00000007c0000000, 0x00000007c0000000)
  eden space 733184K, 0% used [0x000000076ab00000,0x000000076ab00000,0x0000000797700000)
  from space 305664K, 80% used [0x0000000797700000,0x00000007a66634a0,0x00000007aa180000)
  to   space 334336K, 0% used [0x00000007ab980000,0x00000007ab980000,0x00000007c0000000)
 ParOldGen       total 897024K, used 712463K [0x00000006c0000000, 0x00000006f6c00000, 0x000000076ab00000)
  object space 897024K, 79% used [0x00000006c0000000,0x00000006eb7c3f50,0x00000006f6c00000)
 Metaspace       used 6640K, capacity 7384K, committed 7680K, reserved 1056768K
  class space    used 622K, capacity 656K, committed 768K, reserved 1048576K
}
Event: 19.110 GC heap before
{Heap before GC invocations=24 (full 4):
 PSYoungGen      total 1038848K, used 978317K [0x000000076ab00000, 0x00000007c0000000, 0x00000007c0000000)
  eden space 733184K, 100% used [0x000000076ab00000,0x0000000797700000,0x0000000797700000)
  from space 305664K, 80% used [0x0000000797700000,0x00000007a66634a0,0x00000007aa180000)
  to   space 334336K, 0% used [0x00000007ab980000,0x00000007ab980000,0x00000007c0000000)
 ParOldGen       total 897024K, used 712463K [0x00000006c0000000, 0x00000006f6c00000, 0x000000076ab00000)
  object space 897024K, 79% used [0x00000006c0000000,0x00000006eb7c3f50,0x00000006f6c00000)
 Metaspace       used 6665K, capacity 7448K, committed 7680K, reserved 1056768K
  class space    used 622K, capacity 656K, committed 768K, reserved 1048576K
Event: 19.306 GC heap after
Heap after GC invocations=24 (full 4):
 PSYoungGen      total 946688K, used 334329K [0x000000076ab00000, 0x00000007c0000000, 0x00000007c0000000)
  eden space 612352K, 0% used [0x000000076ab00000,0x000000076ab00000,0x0000000790100000)
  from space 334336K, 99% used [0x00000007ab980000,0x00000007bfffe5c0,0x00000007c0000000)
  to   space 392704K, 0% used [0x0000000790100000,0x0000000790100000,0x00000007a8080000)
 ParOldGen       total 897024K, used 720823K [0x00000006c0000000, 0x00000006f6c00000, 0x000000076ab00000)
  object space 897024K, 80% used [0x00000006c0000000,0x00000006ebfedff0,0x00000006f6c00000)
 Metaspace       used 6665K, capacity 7448K, committed 7680K, reserved 1056768K
  class space    used 622K, capacity 656K, committed 768K, reserved 1048576K
}

