# JRE version: OpenJDK Runtime Environment (8.0_112-b06) (build 1.8.0_112-release-b06)
# Java VM: OpenJDK 64-Bit Server VM (25.112-b06 mixed mode windows-amd64 compressed oops)
Heap:
 PSYoungGen      total 961024K, used 946949K [0x000000076ab00000, 0x00000007c0000000, 0x00000007c0000000)
  eden space 626688K, 100% used [0x000000076ab00000,0x0000000790f00000,0x0000000790f00000)
  from space 334336K, 95% used [0x00000007ab980000,0x00000007bf241598,0x00000007c0000000)
  to   space 385536K, 99% used [0x0000000790f00000,0x00000007a85f08e0,0x00000007a8780000)
 ParOldGen       total 872448K, used 678555K [0x00000006c0000000, 0x00000006f5400000, 0x000000076ab00000)
  object space 872448K, 77% used [0x00000006c0000000,0x00000006e96a6e38,0x00000006f5400000)
 Metaspace       used 6715K, capacity 7536K, committed 7808K, reserved 1056768K
  class space    used 605K, capacity 616K, committed 640K, reserved 1048576K
GC Heap History (10 events):
Event: 10.820 GC heap after
Heap after GC invocations=18 (full 3):
 PSYoungGen      total 890368K, used 211449K [0x000000076ab00000, 0x00000007bfc00000, 0x00000007c0000000)
  eden space 678912K, 0% used [0x000000076ab00000,0x000000076ab00000,0x0000000794200000)
  from space 211456K, 99% used [0x0000000794200000,0x00000007a107e7a0,0x00000007a1080000)
  to   space 305664K, 0% used [0x00000007ad180000,0x00000007ad180000,0x00000007bfc00000)
 ParOldGen       total 546816K, used 546430K [0x00000006c0000000, 0x00000006e1600000, 0x000000076ab00000)
  object space 546816K, 99% used [0x00000006c0000000,0x00000006e159f870,0x00000006e1600000)
 Metaspace       used 6432K, capacity 7280K, committed 7552K, reserved 1056768K
  class space    used 587K, capacity 616K, committed 640K, reserved 1048576K
}
Event: 10.820 GC heap before
{Heap before GC invocations=19 (full 4):
 PSYoungGen      total 890368K, used 211449K [0x000000076ab00000, 0x00000007bfc00000, 0x00000007c0000000)
  eden space 678912K, 0% used [0x000000076ab00000,0x000000076ab00000,0x0000000794200000)
  from space 211456K, 99% used [0x0000000794200000,0x00000007a107e7a0,0x00000007a1080000)
  to   space 305664K, 0% used [0x00000007ad180000,0x00000007ad180000,0x00000007bfc00000)
 ParOldGen       total 546816K, used 546430K [0x00000006c0000000, 0x00000006e1600000, 0x000000076ab00000)
  object space 546816K, 99% used [0x00000006c0000000,0x00000006e159f870,0x00000006e1600000)
 Metaspace       used 6432K, capacity 7280K, committed 7552K, reserved 1056768K
  class space    used 587K, capacity 616K, committed 640K, reserved 1048576K
Event: 13.094 GC heap after
Heap after GC invocations=19 (full 4):
 PSYoungGen      total 890368K, used 197053K [0x000000076ab00000, 0x00000007bfc00000, 0x00000007c0000000)
  eden space 678912K, 0% used [0x000000076ab00000,0x000000076ab00000,0x0000000794200000)
  from space 211456K, 93% used [0x0000000794200000,0x00000007a026f500,0x00000007a1080000)
  to   space 305664K, 0% used [0x00000007ad180000,0x00000007ad180000,0x00000007bfc00000)
 ParOldGen       total 872448K, used 546756K [0x00000006c0000000, 0x00000006f5400000, 0x000000076ab00000)
  object space 872448K, 62% used [0x00000006c0000000,0x00000006e15f1040,0x00000006f5400000)
 Metaspace       used 6432K, capacity 7280K, committed 7552K, reserved 1056768K
  class space    used 587K, capacity 616K, committed 640K, reserved 1048576K
}
Event: 14.271 GC heap before
{Heap before GC invocations=20 (full 4):
 PSYoungGen      total 890368K, used 875965K [0x000000076ab00000, 0x00000007bfc00000, 0x00000007c0000000)
  eden space 678912K, 100% used [0x000000076ab00000,0x0000000794200000,0x0000000794200000)
  from space 211456K, 93% used [0x0000000794200000,0x00000007a026f500,0x00000007a1080000)
  to   space 305664K, 0% used [0x00000007ad180000,0x00000007ad180000,0x00000007bfc00000)
 ParOldGen       total 872448K, used 546756K [0x00000006c0000000, 0x00000006f5400000, 0x000000076ab00000)
  object space 872448K, 62% used [0x00000006c0000000,0x00000006e15f1040,0x00000006f5400000)
 Metaspace       used 6435K, capacity 7280K, committed 7552K, reserved 1056768K
  class space    used 587K, capacity 616K, committed 640K, reserved 1048576K
Event: 14.511 GC heap after
Heap after GC invocations=20 (full 4):
 PSYoungGen      total 1056256K, used 208613K [0x000000076ab00000, 0x00000007c0000000, 0x00000007c0000000)
  eden space 750592K, 0% used [0x000000076ab00000,0x000000076ab00000,0x0000000798800000)
  from space 305664K, 68% used [0x00000007ad180000,0x00000007b9d39420,0x00000007bfc00000)
  to   space 323584K, 0% used [0x0000000798800000,0x0000000798800000,0x00000007ac400000)
 ParOldGen       total 872448K, used 678555K [0x00000006c0000000, 0x00000006f5400000, 0x000000076ab00000)
  object space 872448K, 77% used [0x00000006c0000000,0x00000006e96a6e38,0x00000006f5400000)
 Metaspace       used 6435K, capacity 7280K, committed 7552K, reserved 1056768K
  class space    used 587K, capacity 616K, committed 640K, reserved 1048576K
}
Event: 15.968 GC heap before
{Heap before GC invocations=21 (full 4):
 PSYoungGen      total 1056256K, used 959205K [0x000000076ab00000, 0x00000007c0000000, 0x00000007c0000000)
  eden space 750592K, 100% used [0x000000076ab00000,0x0000000798800000,0x0000000798800000)
  from space 305664K, 68% used [0x00000007ad180000,0x00000007b9d39420,0x00000007bfc00000)
  to   space 323584K, 0% used [0x0000000798800000,0x0000000798800000,0x00000007ac400000)
 ParOldGen       total 872448K, used 678555K [0x00000006c0000000, 0x00000006f5400000, 0x000000076ab00000)
  object space 872448K, 77% used [0x00000006c0000000,0x00000006e96a6e38,0x00000006f5400000)
 Metaspace       used 6437K, capacity 7280K, committed 7552K, reserved 1056768K
  class space    used 587K, capacity 616K, committed 640K, reserved 1048576K
Event: 16.087 GC heap after
Heap after GC invocations=21 (full 4):
 PSYoungGen      total 951808K, used 200960K [0x000000076ab00000, 0x00000007c0000000, 0x00000007c0000000)
  eden space 750592K, 0% used [0x000000076ab00000,0x000000076ab00000,0x0000000798800000)
  from space 201216K, 99% used [0x0000000798800000,0x00000007a4c40308,0x00000007a4c80000)
  to   space 334336K, 0% used [0x00000007ab980000,0x00000007ab980000,0x00000007c0000000)
 ParOldGen       total 872448K, used 678555K [0x00000006c0000000, 0x00000006f5400000, 0x000000076ab00000)
  object space 872448K, 77% used [0x00000006c0000000,0x00000006e96a6e38,0x00000006f5400000)
 Metaspace       used 6437K, capacity 7280K, committed 7552K, reserved 1056768K
  class space    used 587K, capacity 616K, committed 640K, reserved 1048576K
}
Event: 16.912 GC heap before
{Heap before GC invocations=22 (full 4):
 PSYoungGen      total 951808K, used 951552K [0x000000076ab00000, 0x00000007c0000000, 0x00000007c0000000)
  eden space 750592K, 100% used [0x000000076ab00000,0x0000000798800000,0x0000000798800000)
  from space 201216K, 99% used [0x0000000798800000,0x00000007a4c40308,0x00000007a4c80000)
  to   space 334336K, 0% used [0x00000007ab980000,0x00000007ab980000,0x00000007c0000000)
 ParOldGen       total 872448K, used 678555K [0x00000006c0000000, 0x00000006f5400000, 0x000000076ab00000)
  object space 872448K, 77% used [0x00000006c0000000,0x00000006e96a6e38,0x00000006f5400000)
 Metaspace       used 6544K, capacity 7344K, committed 7552K, reserved 1056768K
  class space    used 593K, capacity 616K, committed 640K, reserved 1048576K
Event: 17.131 GC heap after
Heap after GC invocations=22 (full 4):
 PSYoungGen      total 961024K, used 320261K [0x000000076ab00000, 0x00000007c0000000, 0x00000007c0000000)
  eden space 626688K, 0% used [0x000000076ab00000,0x000000076ab00000,0x0000000790f00000)
  from space 334336K, 95% used [0x00000007ab980000,0x00000007bf241598,0x00000007c0000000)
  to   space 385536K, 0% used [0x0000000790f00000,0x0000000790f00000,0x00000007a8780000)
 ParOldGen       total 872448K, used 678555K [0x00000006c0000000, 0x00000006f5400000, 0x000000076ab00000)
  object space 872448K, 77% used [0x00000006c0000000,0x00000006e96a6e38,0x00000006f5400000)
 Metaspace       used 6544K, capacity 7344K, committed 7552K, reserved 1056768K
  class space    used 593K, capacity 616K, committed 640K, reserved 1048576K
}
Event: 18.507 GC heap before
{Heap before GC invocations=23 (full 4):
 PSYoungGen      total 961024K, used 946949K [0x000000076ab00000, 0x00000007c0000000, 0x00000007c0000000)
  eden space 626688K, 100% used [0x000000076ab00000,0x0000000790f00000,0x0000000790f00000)
  from space 334336K, 95% used [0x00000007ab980000,0x00000007bf241598,0x00000007c0000000)
  to   space 385536K, 0% used [0x0000000790f00000,0x0000000790f00000,0x00000007a8780000)
 ParOldGen       total 872448K, used 678555K [0x00000006c0000000, 0x00000006f5400000, 0x000000076ab00000)
  object space 872448K, 77% used [0x00000006c0000000,0x00000006e96a6e38,0x00000006f5400000)
 Metaspace       used 6715K, capacity 7536K, committed 7808K, reserved 1056768K
  class space    used 605K, capacity 616K, committed 640K, reserved 1048576K

