# JRE version: OpenJDK Runtime Environment (8.0_112-b06) (build 1.8.0_112-release-b06)
# Java VM: OpenJDK 64-Bit Server VM (25.112-b06 mixed mode windows-amd64 compressed oops)
Heap:
 PSYoungGen      total 869888K, used 768134K [0x000000076ab00000, 0x00000007b2400000, 0x00000007c0000000)
  eden space 667136K, 100% used [0x000000076ab00000,0x0000000793680000,0x0000000793680000)
  from space 202752K, 49% used [0x0000000793680000,0x0000000799921a78,0x000000079fc80000)
  to   space 204288K, 78% used [0x00000007a5c80000,0x00000007af822058,0x00000007b2400000)
 ParOldGen       total 908288K, used 575619K [0x00000006c0000000, 0x00000006f7700000, 0x000000076ab00000)
  object space 908288K, 63% used [0x00000006c0000000,0x00000006e3220c28,0x00000006f7700000)
 Metaspace       used 6438K, capacity 7280K, committed 7552K, reserved 1056768K
  class space    used 588K, capacity 616K, committed 640K, reserved 1048576K
GC Heap History (10 events):
Event: 8.764 GC heap after
Heap after GC invocations=15 (full 3):
 PSYoungGen      total 743424K, used 86775K [0x000000076ab00000, 0x00000007a7100000, 0x00000007c0000000)
  eden space 617472K, 0% used [0x000000076ab00000,0x000000076ab00000,0x0000000790600000)
  from space 125952K, 68% used [0x000000079a600000,0x000000079fabdf50,0x00000007a2100000)
  to   space 163840K, 0% used [0x0000000790600000,0x0000000790600000,0x000000079a600000)
 ParOldGen       total 503808K, used 303824K [0x00000006c0000000, 0x00000006dec00000, 0x000000076ab00000)
  object space 503808K, 60% used [0x00000006c0000000,0x00000006d28b4040,0x00000006dec00000)
 Metaspace       used 6422K, capacity 7280K, committed 7552K, reserved 1056768K
  class space    used 586K, capacity 616K, committed 640K, reserved 1048576K
}
Event: 9.650 GC heap before
{Heap before GC invocations=16 (full 3):
 PSYoungGen      total 743424K, used 704247K [0x000000076ab00000, 0x00000007a7100000, 0x00000007c0000000)
  eden space 617472K, 100% used [0x000000076ab00000,0x0000000790600000,0x0000000790600000)
  from space 125952K, 68% used [0x000000079a600000,0x000000079fabdf50,0x00000007a2100000)
  to   space 163840K, 0% used [0x0000000790600000,0x0000000790600000,0x000000079a600000)
 ParOldGen       total 503808K, used 303824K [0x00000006c0000000, 0x00000006dec00000, 0x000000076ab00000)
  object space 503808K, 60% used [0x00000006c0000000,0x00000006d28b4040,0x00000006dec00000)
 Metaspace       used 6425K, capacity 7280K, committed 7552K, reserved 1056768K
  class space    used 586K, capacity 616K, committed 640K, reserved 1048576K
Event: 9.787 GC heap after
Heap after GC invocations=16 (full 3):
 PSYoungGen      total 781312K, used 97361K [0x000000076ab00000, 0x00000007aa080000, 0x00000007c0000000)
  eden space 617472K, 0% used [0x000000076ab00000,0x000000076ab00000,0x0000000790600000)
  from space 163840K, 59% used [0x0000000790600000,0x0000000796514650,0x000000079a600000)
  to   space 167936K, 0% used [0x000000079fc80000,0x000000079fc80000,0x00000007aa080000)
 ParOldGen       total 503808K, used 391417K [0x00000006c0000000, 0x00000006dec00000, 0x000000076ab00000)
  object space 503808K, 77% used [0x00000006c0000000,0x00000006d7e3e5e0,0x00000006dec00000)
 Metaspace       used 6425K, capacity 7280K, committed 7552K, reserved 1056768K
  class space    used 586K, capacity 616K, committed 640K, reserved 1048576K
}
Event: 10.579 GC heap before
{Heap before GC invocations=17 (full 3):
 PSYoungGen      total 781312K, used 714833K [0x000000076ab00000, 0x00000007aa080000, 0x00000007c0000000)
  eden space 617472K, 100% used [0x000000076ab00000,0x0000000790600000,0x0000000790600000)
  from space 163840K, 59% used [0x0000000790600000,0x0000000796514650,0x000000079a600000)
  to   space 167936K, 0% used [0x000000079fc80000,0x000000079fc80000,0x00000007aa080000)
 ParOldGen       total 503808K, used 391417K [0x00000006c0000000, 0x00000006dec00000, 0x000000076ab00000)
  object space 503808K, 77% used [0x00000006c0000000,0x00000006d7e3e5e0,0x00000006dec00000)
 Metaspace       used 6425K, capacity 7280K, committed 7552K, reserved 1056768K
  class space    used 586K, capacity 616K, committed 640K, reserved 1048576K
Event: 10.703 GC heap after
Heap after GC invocations=17 (full 3):
 PSYoungGen      total 835072K, used 167919K [0x000000076ab00000, 0x00000007aee00000, 0x00000007c0000000)
  eden space 667136K, 0% used [0x000000076ab00000,0x000000076ab00000,0x0000000793680000)
  from space 167936K, 99% used [0x000000079fc80000,0x00000007aa07bef0,0x00000007aa080000)
  to   space 202752K, 0% used [0x0000000793680000,0x0000000793680000,0x000000079fc80000)
 ParOldGen       total 503808K, used 407536K [0x00000006c0000000, 0x00000006dec00000, 0x000000076ab00000)
  object space 503808K, 80% used [0x00000006c0000000,0x00000006d8dfc360,0x00000006dec00000)
 Metaspace       used 6425K, capacity 7280K, committed 7552K, reserved 1056768K
  class space    used 586K, capacity 616K, committed 640K, reserved 1048576K
}
Event: 12.543 GC heap before
{Heap before GC invocations=18 (full 3):
 PSYoungGen      total 835072K, used 835055K [0x000000076ab00000, 0x00000007aee00000, 0x00000007c0000000)
  eden space 667136K, 100% used [0x000000076ab00000,0x0000000793680000,0x0000000793680000)
  from space 167936K, 99% used [0x000000079fc80000,0x00000007aa07bef0,0x00000007aa080000)
  to   space 202752K, 0% used [0x0000000793680000,0x0000000793680000,0x000000079fc80000)
 ParOldGen       total 503808K, used 407536K [0x00000006c0000000, 0x00000006dec00000, 0x000000076ab00000)
  object space 503808K, 80% used [0x00000006c0000000,0x00000006d8dfc360,0x00000006dec00000)
 Metaspace       used 6435K, capacity 7280K, committed 7552K, reserved 1056768K
  class space    used 588K, capacity 616K, committed 640K, reserved 1048576K
Event: 12.688 GC heap after
Heap after GC invocations=18 (full 3):
 PSYoungGen      total 869888K, used 112914K [0x000000076ab00000, 0x00000007b2400000, 0x00000007c0000000)
  eden space 667136K, 0% used [0x000000076ab00000,0x000000076ab00000,0x0000000793680000)
  from space 202752K, 55% used [0x0000000793680000,0x000000079a4c4b40,0x000000079fc80000)
  to   space 204288K, 0% used [0x00000007a5c80000,0x00000007a5c80000,0x00000007b2400000)
 ParOldGen       total 576000K, used 575792K [0x00000006c0000000, 0x00000006e3280000, 0x000000076ab00000)
  object space 576000K, 99% used [0x00000006c0000000,0x00000006e324c2c8,0x00000006e3280000)
 Metaspace       used 6435K, capacity 7280K, committed 7552K, reserved 1056768K
  class space    used 588K, capacity 616K, committed 640K, reserved 1048576K
}
Event: 12.688 GC heap before
{Heap before GC invocations=19 (full 4):
 PSYoungGen      total 869888K, used 112914K [0x000000076ab00000, 0x00000007b2400000, 0x00000007c0000000)
  eden space 667136K, 0% used [0x000000076ab00000,0x000000076ab00000,0x0000000793680000)
  from space 202752K, 55% used [0x0000000793680000,0x000000079a4c4b40,0x000000079fc80000)
  to   space 204288K, 0% used [0x00000007a5c80000,0x00000007a5c80000,0x00000007b2400000)
 ParOldGen       total 576000K, used 575792K [0x00000006c0000000, 0x00000006e3280000, 0x000000076ab00000)
  object space 576000K, 99% used [0x00000006c0000000,0x00000006e324c2c8,0x00000006e3280000)
 Metaspace       used 6435K, capacity 7280K, committed 7552K, reserved 1056768K
  class space    used 588K, capacity 616K, committed 640K, reserved 1048576K
Event: 14.795 GC heap after
Heap after GC invocations=19 (full 4):
 PSYoungGen      total 869888K, used 100998K [0x000000076ab00000, 0x00000007b2400000, 0x00000007c0000000)
  eden space 667136K, 0% used [0x000000076ab00000,0x000000076ab00000,0x0000000793680000)
  from space 202752K, 49% used [0x0000000793680000,0x0000000799921a78,0x000000079fc80000)
  to   space 204288K, 0% used [0x00000007a5c80000,0x00000007a5c80000,0x00000007b2400000)
 ParOldGen       total 908288K, used 575619K [0x00000006c0000000, 0x00000006f7700000, 0x000000076ab00000)
  object space 908288K, 63% used [0x00000006c0000000,0x00000006e3220c28,0x00000006f7700000)
 Metaspace       used 6435K, capacity 7280K, committed 7552K, reserved 1056768K
  class space    used 588K, capacity 616K, committed 640K, reserved 1048576K
}
Event: 16.073 GC heap before
{Heap before GC invocations=20 (full 4):
 PSYoungGen      total 869888K, used 768134K [0x000000076ab00000, 0x00000007b2400000, 0x00000007c0000000)
  eden space 667136K, 100% used [0x000000076ab00000,0x0000000793680000,0x0000000793680000)
  from space 202752K, 49% used [0x0000000793680000,0x0000000799921a78,0x000000079fc80000)
  to   space 204288K, 0% used [0x00000007a5c80000,0x00000007a5c80000,0x00000007b2400000)
 ParOldGen       total 908288K, used 575619K [0x00000006c0000000, 0x00000006f7700000, 0x000000076ab00000)
  object space 908288K, 63% used [0x00000006c0000000,0x00000006e3220c28,0x00000006f7700000)
 Metaspace       used 6438K, capacity 7280K, committed 7552K, reserved 1056768K
  class space    used 588K, capacity 616K, committed 640K, reserved 1048576K

