# JRE version: Java(TM) SE Runtime Environment (8.0_101-b13) (build 1.8.0_101-b13)
# Java VM: Java HotSpot(TM) 64-Bit Server VM (25.101-b13 mixed mode windows-amd64 compressed oops)
Heap:
 PSYoungGen      total 839168K, used 675840K [0x000000076ab00000, 0x00000007ae400000, 0x00000007c0000000)
  eden space 675840K, 100% used [0x000000076ab00000,0x0000000793f00000,0x0000000793f00000)
  from space 163328K, 0% used [0x000000079ff00000,0x000000079ff00000,0x00000007a9e80000)
  to   space 196608K, 89% used [0x0000000793f00000,0x000000079ea9c6f8,0x000000079ff00000)
 ParOldGen       total 832000K, used 558557K [0x00000006c0000000, 0x00000006f2c80000, 0x000000076ab00000)
  object space 832000K, 67% used [0x00000006c0000000,0x00000006e21775d8,0x00000006f2c80000)
 Metaspace       used 6501K, capacity 7288K, committed 7552K, reserved 1056768K
  class space    used 614K, capacity 624K, committed 640K, reserved 1048576K
GC Heap History (10 events):
Event: 7.050 GC heap after
Heap after GC invocations=15 (full 3):
 PSYoungGen      total 752640K, used 77549K [0x000000076ab00000, 0x00000007a7480000, 0x00000007c0000000)
  eden space 627712K, 0% used [0x000000076ab00000,0x000000076ab00000,0x0000000791000000)
  from space 124928K, 62% used [0x000000079ac80000,0x000000079f83b4d8,0x00000007a2680000)
  to   space 160256K, 0% used [0x0000000791000000,0x0000000791000000,0x000000079ac80000)
 ParOldGen       total 498688K, used 304610K [0x00000006c0000000, 0x00000006de700000, 0x000000076ab00000)
  object space 498688K, 61% used [0x00000006c0000000,0x00000006d2978898,0x00000006de700000)
 Metaspace       used 6484K, capacity 7288K, committed 7552K, reserved 1056768K
  class space    used 613K, capacity 624K, committed 640K, reserved 1048576K
}
Event: 7.672 GC heap before
{Heap before GC invocations=16 (full 3):
 PSYoungGen      total 752640K, used 705261K [0x000000076ab00000, 0x00000007a7480000, 0x00000007c0000000)
  eden space 627712K, 100% used [0x000000076ab00000,0x0000000791000000,0x0000000791000000)
  from space 124928K, 62% used [0x000000079ac80000,0x000000079f83b4d8,0x00000007a2680000)
  to   space 160256K, 0% used [0x0000000791000000,0x0000000791000000,0x000000079ac80000)
 ParOldGen       total 498688K, used 304611K [0x00000006c0000000, 0x00000006de700000, 0x000000076ab00000)
  object space 498688K, 61% used [0x00000006c0000000,0x00000006d2978ea8,0x00000006de700000)
 Metaspace       used 6488K, capacity 7288K, committed 7552K, reserved 1056768K
  class space    used 613K, capacity 624K, committed 640K, reserved 1048576K
Event: 7.794 GC heap after
Heap after GC invocations=16 (full 3):
 PSYoungGen      total 787968K, used 93389K [0x000000076ab00000, 0x00000007a9e80000, 0x00000007c0000000)
  eden space 627712K, 0% used [0x000000076ab00000,0x000000076ab00000,0x0000000791000000)
  from space 160256K, 58% used [0x0000000791000000,0x0000000796b33580,0x000000079ac80000)
  to   space 163328K, 0% used [0x000000079ff00000,0x000000079ff00000,0x00000007a9e80000)
 ParOldGen       total 498688K, used 382874K [0x00000006c0000000, 0x00000006de700000, 0x000000076ab00000)
  object space 498688K, 76% used [0x00000006c0000000,0x00000006d75e6918,0x00000006de700000)
 Metaspace       used 6488K, capacity 7288K, committed 7552K, reserved 1056768K
  class space    used 613K, capacity 624K, committed 640K, reserved 1048576K
}
Event: 8.469 GC heap before
{Heap before GC invocations=17 (full 3):
 PSYoungGen      total 787968K, used 721101K [0x000000076ab00000, 0x00000007a9e80000, 0x00000007c0000000)
  eden space 627712K, 100% used [0x000000076ab00000,0x0000000791000000,0x0000000791000000)
  from space 160256K, 58% used [0x0000000791000000,0x0000000796b33580,0x000000079ac80000)
  to   space 163328K, 0% used [0x000000079ff00000,0x000000079ff00000,0x00000007a9e80000)
 ParOldGen       total 498688K, used 382874K [0x00000006c0000000, 0x00000006de700000, 0x000000076ab00000)
  object space 498688K, 76% used [0x00000006c0000000,0x00000006d75e6918,0x00000006de700000)
 Metaspace       used 6488K, capacity 7288K, committed 7552K, reserved 1056768K
  class space    used 613K, capacity 624K, committed 640K, reserved 1048576K
Event: 8.565 GC heap after
Heap after GC invocations=17 (full 3):
 PSYoungGen      total 839168K, used 163300K [0x000000076ab00000, 0x00000007ae400000, 0x00000007c0000000)
  eden space 675840K, 0% used [0x000000076ab00000,0x000000076ab00000,0x0000000793f00000)
  from space 163328K, 99% used [0x000000079ff00000,0x00000007a9e791e8,0x00000007a9e80000)
  to   space 196608K, 0% used [0x0000000793f00000,0x0000000793f00000,0x000000079ff00000)
 ParOldGen       total 498688K, used 397328K [0x00000006c0000000, 0x00000006de700000, 0x000000076ab00000)
  object space 498688K, 79% used [0x00000006c0000000,0x00000006d8404320,0x00000006de700000)
 Metaspace       used 6488K, capacity 7288K, committed 7552K, reserved 1056768K
  class space    used 613K, capacity 624K, committed 640K, reserved 1048576K
}
Event: 10.171 GC heap before
{Heap before GC invocations=18 (full 3):
 PSYoungGen      total 839168K, used 839140K [0x000000076ab00000, 0x00000007ae400000, 0x00000007c0000000)
  eden space 675840K, 100% used [0x000000076ab00000,0x0000000793f00000,0x0000000793f00000)
  from space 163328K, 99% used [0x000000079ff00000,0x00000007a9e791e8,0x00000007a9e80000)
  to   space 196608K, 0% used [0x0000000793f00000,0x0000000793f00000,0x000000079ff00000)
 ParOldGen       total 498688K, used 397328K [0x00000006c0000000, 0x00000006de700000, 0x000000076ab00000)
  object space 498688K, 79% used [0x00000006c0000000,0x00000006d8404320,0x00000006de700000)
 Metaspace       used 6496K, capacity 7288K, committed 7552K, reserved 1056768K
  class space    used 614K, capacity 624K, committed 640K, reserved 1048576K
Event: 10.505 GC heap after
Heap after GC invocations=18 (full 3):
 PSYoungGen      total 839168K, used 839140K [0x000000076ab00000, 0x00000007ae400000, 0x00000007c0000000)
  eden space 675840K, 100% used [0x000000076ab00000,0x0000000793f00000,0x0000000793f00000)
  from space 163328K, 99% used [0x000000079ff00000,0x00000007a9e791e8,0x00000007a9e80000)
  to   space 196608K, 94% used [0x0000000793f00000,0x000000079f3fcec0,0x000000079ff00000)
 ParOldGen       total 558592K, used 558333K [0x00000006c0000000, 0x00000006e2180000, 0x000000076ab00000)
  object space 558592K, 99% used [0x00000006c0000000,0x00000006e213f5c0,0x00000006e2180000)
 Metaspace       used 6496K, capacity 7288K, committed 7552K, reserved 1056768K
  class space    used 614K, capacity 624K, committed 640K, reserved 1048576K
}
Event: 10.505 GC heap before
{Heap before GC invocations=19 (full 4):
 PSYoungGen      total 839168K, used 839140K [0x000000076ab00000, 0x00000007ae400000, 0x00000007c0000000)
  eden space 675840K, 100% used [0x000000076ab00000,0x0000000793f00000,0x0000000793f00000)
  from space 163328K, 99% used [0x000000079ff00000,0x00000007a9e791e8,0x00000007a9e80000)
  to   space 196608K, 94% used [0x0000000793f00000,0x000000079f3fcec0,0x000000079ff00000)
 ParOldGen       total 558592K, used 558333K [0x00000006c0000000, 0x00000006e2180000, 0x000000076ab00000)
  object space 558592K, 99% used [0x00000006c0000000,0x00000006e213f5c0,0x00000006e2180000)
 Metaspace       used 6496K, capacity 7288K, committed 7552K, reserved 1056768K
  class space    used 614K, capacity 624K, committed 640K, reserved 1048576K
Event: 13.377 GC heap after
Heap after GC invocations=19 (full 4):
 PSYoungGen      total 839168K, used 0K [0x000000076ab00000, 0x00000007ae400000, 0x00000007c0000000)
  eden space 675840K, 0% used [0x000000076ab00000,0x000000076ab00000,0x0000000793f00000)
  from space 163328K, 0% used [0x000000079ff00000,0x000000079ff00000,0x00000007a9e80000)
  to   space 196608K, 89% used [0x0000000793f00000,0x000000079ea9c6f8,0x000000079ff00000)
 ParOldGen       total 832000K, used 558557K [0x00000006c0000000, 0x00000006f2c80000, 0x000000076ab00000)
  object space 832000K, 67% used [0x00000006c0000000,0x00000006e21775d8,0x00000006f2c80000)
 Metaspace       used 6496K, capacity 7288K, committed 7552K, reserved 1056768K
  class space    used 614K, capacity 624K, committed 640K, reserved 1048576K
}
Event: 14.686 GC heap before
{Heap before GC invocations=20 (full 5):
 PSYoungGen      total 839168K, used 675840K [0x000000076ab00000, 0x00000007ae400000, 0x00000007c0000000)
  eden space 675840K, 100% used [0x000000076ab00000,0x0000000793f00000,0x0000000793f00000)
  from space 163328K, 0% used [0x000000079ff00000,0x000000079ff00000,0x00000007a9e80000)
  to   space 196608K, 89% used [0x0000000793f00000,0x000000079ea9c6f8,0x000000079ff00000)
 ParOldGen       total 832000K, used 558557K [0x00000006c0000000, 0x00000006f2c80000, 0x000000076ab00000)
  object space 832000K, 67% used [0x00000006c0000000,0x00000006e21775d8,0x00000006f2c80000)
 Metaspace       used 6501K, capacity 7288K, committed 7552K, reserved 1056768K
  class space    used 614K, capacity 624K, committed 640K, reserved 1048576K

